<?xml version="1.0" encoding="UTF-8"?>
<!-- Generated by org.testng.reporters.JUnitReportReporter -->
<testsuite hostname="DESKTOP-HPSJ0DS" failures="0" tests="2" name="rahulshettyacademy.tests.ErrorValidationsTest" time="21.911" errors="0" timestamp="2025-02-05T16:39:58 IST" skipped="0">
  <testcase classname="rahulshettyacademy.tests.ErrorValidationsTest" name="ProductErrorValidation" time="8.827"/>
  <testcase classname="rahulshettyacademy.tests.ErrorValidationsTest" name="LoginErrorValidation" time="13.084"/>
</testsuite> <!-- rahulshettyacademy.tests.ErrorValidationsTest -->
